<?xml version="1.0" encoding="UTF-8"?>
<!-- Generated by org.testng.reporters.JUnitReportReporter -->
<testsuite hostname="DESKTOP-QJ68L76" failures="0" tests="2" name="com.Vtiger.TC.TC001_CreateOrganizationTest" time="94.835" errors="0" timestamp="2021-12-09T11:43:22 IST" skipped="0">
  <testcase classname="com.Vtiger.TC.TC001_CreateOrganizationTest" name="createOrganization" time="39.974"/>
  <system-out/>
  <testcase classname="com.Vtiger.TC.TC001_CreateOrganizationTest" name="createOrgWithPhonenumber" time="54.861"/>
  <system-out/>
</testsuite> <!-- com.Vtiger.TC.TC001_CreateOrganizationTest -->
