<?xml version="1.0" encoding="UTF-8"?>
<!-- Generated by org.testng.reporters.JUnitReportReporter -->
<testsuite hostname="DESKTOP-QJ68L76" failures="0" tests="1" name="com.sdet2.project.SampleTest" time="6.248" errors="0" timestamp="2021-12-10T13:18:31 IST" skipped="0">
  <testcase classname="com.sdet2.project.SampleTest" name="cmdLineParameter" time="6.248"/>
  <system-out/>
</testsuite> <!-- com.sdet2.project.SampleTest -->
