<?xml version="1.0" encoding="UTF-8"?>
<!-- Generated by org.testng.reporters.JUnitReportReporter -->
<testsuite hostname="DESKTOP-QJ68L76" failures="0" tests="1" name="com.Vtiger.TC.TC003_CreateContactWithOrganizationTest" time="29.187" errors="0" timestamp="2021-12-16T12:41:42 IST" skipped="0">
  <testcase classname="com.Vtiger.TC.TC003_CreateContactWithOrganizationTest" name="createContact" time="29.187"/>
  <system-out/>
</testsuite> <!-- com.Vtiger.TC.TC003_CreateContactWithOrganizationTest -->
