<?xml version="1.0" encoding="UTF-8"?>
<!-- Generated by org.testng.reporters.JUnitReportReporter -->
<testsuite hostname="DESKTOP-QJ68L76" failures="0" tests="2" name="com.Vtiger.TC.TC003_CreateContactWithOrganizationTest" time="57.534" errors="0" timestamp="2021-12-09T13:25:55 IST" skipped="0">
  <testcase classname="com.Vtiger.TC.TC003_CreateContactWithOrganizationTest" name="createContact" time="26.340"/>
  <system-out/>
  <testcase classname="com.Vtiger.TC.TC003_CreateContactWithOrganizationTest" name="createContactwithOrgname" time="31.194"/>
  <system-out/>
</testsuite> <!-- com.Vtiger.TC.TC003_CreateContactWithOrganizationTest -->
